<?xml version="1.0" encoding="UTF-8"?>
<!-- Generated by org.testng.reporters.JUnitXMLReporter -->
<testsuite hostname="DESKTOP-5V9GJ5T" ignored="0" name="exampletest1" tests="3" failures="2" timestamp="2020-02-29T14:30:28 BDT" time="8.158" errors="0">
  <testcase name="LoginPageTitle" time="1.817" classname="com.bitm.NewToursAutomation.Test.A_LoginTest">
    <failure type="java.lang.ExceptionInInitializerError">
      <![CDATA[java.lang.ExceptionInInitializerError
at com.bitm.NewToursAutomation.Test.A_LoginTest.LoginPageTitle(A_LoginTest.java:25)
at java.util.ArrayList.forEach(Unknown Source)
Caused by: java.lang.IllegalStateException: The path to the driver executable must be set by the webdriver.gecko.driver system property; for more information, see https://github.com/mozilla/geckodriver. The latest version can be downloaded from https://github.com/mozilla/geckodriver/releases
at com.google.common.base.Preconditions.checkState(Preconditions.java:847)
at org.openqa.selenium.remote.service.DriverService.findExecutable(DriverService.java:134)
at org.openqa.selenium.firefox.GeckoDriverService.access$100(GeckoDriverService.java:44)
at org.openqa.selenium.firefox.GeckoDriverService$Builder.findDefaultExecutable(GeckoDriverService.java:167)
at org.openqa.selenium.remote.service.DriverService$Builder.build(DriverService.java:355)
at org.openqa.selenium.firefox.FirefoxDriver.toExecutor(FirefoxDriver.java:190)
at org.openqa.selenium.firefox.FirefoxDriver.<init>(FirefoxDriver.java:147)
at org.openqa.selenium.firefox.FirefoxDriver.<init>(FirefoxDriver.java:125)
at com.bitm.NewToursAutomation.Utils.DriverManager.<clinit>(DriverManager.java:16)
... 30 more
... Removed 28 stack frames]]>
    </failure>
  </testcase> <!-- LoginPageTitle -->
  <testcase name="CheckLoginTest" time="0.004" classname="com.bitm.NewToursAutomation.Test.A_LoginTest"/>
  <testcase name="logintest" time="0.073" classname="com.bitm.NewToursAutomation.Test.A_LoginTest">
    <failure type="java.lang.NullPointerException">
      <![CDATA[java.lang.NullPointerException
at com.bitm.NewToursAutomation.Test.A_LoginTest.logintest(A_LoginTest.java:43)
at java.util.ArrayList.forEach(Unknown Source)
... Removed 28 stack frames]]>
    </failure>
  </testcase> <!-- logintest -->
</testsuite> <!-- exampletest1 -->
